treat_other "ref_oneLoop.cptr2bb"
#pagai2lp: cptr2bb file set to "ref_oneLoop.cptr2bb"
treat_other "cptr_ref_oneLoop.pagai.c"
#pagai2lp: pagai c file set to "cptr_ref_oneLoop.pagai.c"
treat_other "main"
#pagai2lp: function name set to "main"

# pagai2lp, all invariants in func main:
cptr_main_4 -10 = 0;
cptr_main_3 = 0;
cptr_main_2 -10 = 0;
y -5 = 0;

# pagai2lp, normalized invariants in func main:
cptr_main_4 = 10;
cptr_main_3 = 0;
cptr_main_2 = 10;
y = 5;

#WARNING: pagai2lp, add extra var cnt_xtra_y because not a counter

# INVARIANTS (as src lines)
line_21 = 10;
line_18 = 0;
line_15 = 10;
cnt_xtra_y = 5;

# INVARIANTS (as basic blocks)
x6_main = 10;
x5_main = 0;
x4_main = 10;
cnt_xtra_y = 5;
