treat_other "ref_twoLoops.cptr2bb"
#pagai2lp: cptr2bb file set to "ref_twoLoops.cptr2bb"
treat_other "cptr_ref_twoLoops.pagai.c"
#pagai2lp: pagai c file set to "cptr_ref_twoLoops.pagai.c"
treat_other "main"
#pagai2lp: function name set to "main"

# pagai2lp, all invariants in func main:
cptr_main_7 -1 = 0;
cptr_main_6 = 0;
cptr_main_5 = 0;
cptr_main_4 -20 = 0;
cptr_main_3 -10 = 0;
cptr_main_2 -10 = 0;
y -1 = 0;

# pagai2lp, normalized invariants in func main:
cptr_main_7 = 1;
cptr_main_6 = 0;
cptr_main_5 = 0;
cptr_main_4 = 20;
cptr_main_3 = 10;
cptr_main_2 = 10;
y = 1;

#WARNING: pagai2lp, add extra var cnt_xtra_y because not a counter

# INVARIANTS (as src lines)
line_37 = 1;
line_32 = 0;
line_29 = 0;
line_25 = 20;
line_22 = 10;
line_19 = 10;
cnt_xtra_y = 1;

# INVARIANTS (as basic blocks)
x6_main = 1;
x13_main = 0;
x5_main = 0;
x11_main = 20;
x8_main = 10;
x7_main = 10;
cnt_xtra_y = 1;
