INIT_OPTS=
BOUNDS_OPTS=
OWCET_OPTS=
PAGAI_OPTS=

######################################
#    INIT STEP                       #
######################################

-> working dir _cnt-hachis-main created
arm-elf-gcc -E hachis.c 
-> preprocess done
cdig -counters -oneret     -f main hachis.cpp 
-> ref files created
arm-elf-gcc -O0  -g3 --specs=linux.specs ref_hachis.c  -o ref_hachis.elf
-> _cnt-hachis-main/ref_hachis.elf created
-> building ref_hachis.cptr2bb
-> ref_hachis.cptr2bb done
-----------------------
-> cleaning counters in ref_hachis.cptr2bb with 
->  done
-----------------------
Traceability: 100% blocks traced (8 out of 8)

######################################
#    BOUNDS STEP                     #
######################################

arg="_cnt-hachis-main"
arg=""
DO_ORANGE=false
NO_PRAGMA=false
BASE=hachis
FUNC=main
-> (mkff) ffx done
/usr/local/tools/lustre/misc/w7/bin/arm.looploc
ref_hachis.looploc
fixffx -i ref_hachis.mkffx ref_hachis.looploc /usr/local/tools/lustre/misc/w7/bin/arm.looploc  -v
code=0
code=0
#WARNING: NO BOUNDS for line ref_hachis.c:15
#WARNING: NO BOUNDS for line ref_hachis.c:21
-> (fixffx) ffx done

######################################
#    OWCET STEP                      #
######################################

BASE=hachis
FUNC=main
-> add "ref_hachis.fixed.ffx" to flow facts
-> will use  -f ref_hachis.fixed.ffx
owcet -s /usr/local/tools/lustre/misc/w7/share/lpc2138-w7.osx --add-prop otawa::ilp::OUTPUT_PATH=ref_hachis.lp -f ref_hachis.fixed.ffx ref_hachis.elf main
                                                                          ELAPSED TIME (OWCET): 0:00.06

######################################
#    PAGAI STEP                      #
######################################

ODIR=_cnt-hachis-main
PAGAI_OPTS=
BASE=hachis
FUNC=main
THIS IS DEBUG PRINTING
// ResourceDir is /lib/clang/3.4
// analysis: AIopt
/* processing Function main */
-> pagai done
--------------------
-> (re) building ref_hachis.cptr2bb
cptr_main_1 14 main 1
cptr_main_2 17 main 4
cptr_main_3 24 main 10
cptr_main_4 29 main 14
cptr_main_5 33 main 16
cptr_main_6 36 main 17
cptr_main_7 40 main 8
cptr_main_8 44 main 12
-> ref_hachis.cptr2bb done
-----------------------
treat_other "ref_hachis.cptr2bb"
#pagai2lp: cptr2bb file set to "ref_hachis.cptr2bb"
treat_other "cptr_ref_hachis.pagai.c"
#pagai2lp: pagai c file set to "cptr_ref_hachis.pagai.c"
treat_other "main"
#pagai2lp: function name set to "main"

# pagai2lp, all invariants in func main:
cptr_main_8 -1 = 0;
cptr_main_6 -10 = 0;
cptr_main_2 -10 = 0;
 - 149 * cptr_main_7  - 16 * cptr_main_5  - 11 * cptr_main_8 +309 >= 0;
 - 33 * cptr_main_7  - 2 * cptr_main_5  - 2 * cptr_main_8 +53 >= 0;
 - 23 * cptr_main_7 -cptr_main_3 -cptr_main_8 +29 >= 0;
-cptr_main_3 +6 >= 0;
 - 10 * cptr_main_7 +cptr_main_5 -cptr_main_3 +6 >= 0;
cptr_main_7 -cptr_main_5 +9 >= 0;
-cptr_main_7 +1 >= 0;
cptr_main_7 >= 0;
14 * cptr_main_7 -cptr_main_4 -cptr_main_3 +cptr_main_8 -7 >= 0;

# pagai2lp, normalized invariants in func main:
cptr_main_8 = 1;
cptr_main_6 = 10;
cptr_main_2 = 10;
11 * cptr_main_8  + 16 * cptr_main_5  + 149 * cptr_main_7 <= 309;
2 * cptr_main_8  + 2 * cptr_main_5  + 33 * cptr_main_7 <= 53;
cptr_main_8 +cptr_main_3  + 23 * cptr_main_7 <= 29;
cptr_main_3 <= 6;
cptr_main_3  + 10 * cptr_main_7 <= cptr_main_5 +6;
cptr_main_7 >= cptr_main_5 -9;
cptr_main_7 <= 1;
cptr_main_7 >= 0;
cptr_main_8  + 14 * cptr_main_7 >= cptr_main_3 +cptr_main_4 +7;

# INVARIANTS (as src lines)
line_44 = 1;
line_36 = 10;
line_17 = 10;
11 * line_44  + 16 * line_33  + 149 * line_40 <= 309;
2 * line_44  + 2 * line_33  + 33 * line_40 <= 53;
line_44 +line_24  + 23 * line_40 <= 29;
line_24 <= 6;
line_24  + 10 * line_40 <= line_33 +6;
line_40 >= line_33 -9;
line_40 <= 1;
line_40 >= 0;
line_44  + 14 * line_40 >= line_24 +line_29 +7;

# INVARIANTS (as basic blocks)
x12_main = 1;
x17_main = 10;
x4_main = 10;
11 * x12_main  + 16 * x16_main  + 149 * x8_main <= 309;
2 * x12_main  + 2 * x16_main  + 33 * x8_main <= 53;
x12_main +x10_main  + 23 * x8_main <= 29;
x10_main <= 6;
x10_main  + 10 * x8_main <= x16_main +6;
x8_main >= x16_main -9;
x8_main <= 1;
x8_main >= 0;
x12_main  + 14 * x8_main >= x10_main +x14_main +7;
ELAPSED TIME (PAGAI): 0:01.55

######################################
#    LP (FINAL) STEP                 #
######################################

#--- BOUNDS STEP SUMMARY -----
#WARNING: NO BOUNDS for line ref_hachis.c:15
#WARNING: NO BOUNDS for line ref_hachis.c:21
BASE=hachis
FUNC=main
# WARNING: "lp_solve_int -S1 ref_hachis.lp" failed
Traceability: 100% blocks traced (8 out of 8)
Elapsed time in owcet: 0:00.06
Elapsed time in pagai: 0:01.55
Estimation WITHOUT PAGAI: "This problem is unbounded"
Estimation WITH    PAGAI: "1136"
