treat_other "ref_hachisBreak.cptr2bb"
#pagai2lp: cptr2bb file set to "ref_hachisBreak.cptr2bb"
treat_other "cptr_ref_hachisBreak.pagai.c"
#pagai2lp: pagai c file set to "cptr_ref_hachisBreak.pagai.c"
treat_other "main"
#pagai2lp: function name set to "main"

# pagai2lp, all invariants in func main:
cptr_main_4 -x +8 = 0;
cptr_main_8 -1 = 0;
cptr_main_7 = 0;
cptr_main_6 = 0;
cptr_main_5 -1 = 0;
cptr_main_3 -1 = 0;
cptr_main_2 -10 = 0;
-x +9 >= 0;
x -8 >= 0;

# pagai2lp, normalized invariants in func main:
cptr_main_4 = x -8;
cptr_main_8 = 1;
cptr_main_7 = 0;
cptr_main_6 = 0;
cptr_main_5 = 1;
cptr_main_3 = 1;
cptr_main_2 = 10;
x <= 9;
x >= 8;

#WARNING: pagai2lp, add extra var cnt_xtra_x because not a counter

# INVARIANTS (as src lines)
line_32 = cnt_xtra_x -8;
line_50 = 1;
line_46 = 0;
line_42 = 0;
line_36 = 1;
line_27 = 1;
line_20 = 10;
cnt_xtra_x <= 9;
cnt_xtra_x >= 8;

# INVARIANTS (as basic blocks)
x13_main = cnt_xtra_x -8;
x15_main = 1;
x11_main = 0;
x19_main = 0;
x17_main = 1;
x9_main = 1;
x4_main = 10;
cnt_xtra_x <= 9;
cnt_xtra_x >= 8;
